#
# A fatal error has been detected by the Java Runtime Environment:
#
#  SIGSEGV (0xb) at pc=0x000000010eb3355c, pid=1153, tid=18435
#
# JRE version: Java(TM) SE Runtime Environment (7.0_45-b18) (build 1.7.0_45-b18)
# Java VM: Java HotSpot(TM) 64-Bit Server VM (24.45-b08 mixed mode bsd-amd64 compressed oops)
# Problematic frame:
# V  [libjvm.dylib+0x33355c]
#
# Failed to write core dump. Core dumps have been disabled. To enable core dumping, try "ulimit -c unlimited" before starting Java again
#
# If you would like to submit a bug report, please visit:
#   http://bugreport.sun.com/bugreport/crash.jsp
#

---------------  T H R E A D  ---------------

Current thread (0x00007fda78854000):  JavaThread "JDWP Transport Listener: dt_socket" daemon [_thread_in_vm, id=18435, stack(0x0000000118db7000,0x0000000118eb7000)]

siginfo:si_signo=SIGSEGV: si_errno=0, si_code=0 (SEGV0), si_addr=0x0000000000000000

Registers:
RAX=0x0000000000000001, RBX=0x0000000118eb6a8b, RCX=0x00000000000fc080, RDX=0x0000000118eb6a8b
RSP=0x0000000118eb69f0, RBP=0x0000000118eb6a40, RSI=0x00007fda78854000, RDI=0x00007fda78601a20
R8 =0x00007fda787839b0, R9 =0x00007fda78711440, R10=0x00000000d30a2d46, R11=0x00000000f2d3d052
R12=0x00007fda78854000, R13=0x8000000000000000, R14=0x8000000000000000, R15=0x00007fda78601a20
RIP=0x000000010eb3355c, EFLAGS=0x0000000000010286, ERR=0x0000000000000000
  TRAPNO=0x000000000000000d

Top of Stack: (sp=0x0000000118eb69f0)
0x0000000118eb69f0:   00007fda78854000 0000000000000000
0x0000000118eb6a00:   0000000000000000 0000000000000000
0x0000000118eb6a10:   00007fda78854000 00007fda78854000
0x0000000118eb6a20:   0000000118eb6a8b 0000000118eb6a90
0x0000000118eb6a30:   8000000000000000 0000000000000005
0x0000000118eb6a40:   0000000118eb6a60 000000010df671f8
0x0000000118eb6a50:   0000000000000001 0000000118eb6b08
0x0000000118eb6a60:   0000000118eb6ad0 000000010df4c02b
0x0000000118eb6a70:   0000000118eb6aa0 00007fda78783980
0x0000000118eb6a80:   0000000600000032 0000000900eb6b08
0x0000000118eb6a90:   0000000000000000 0000000000000000
0x0000000118eb6aa0:   0000000000000000 0000000118eb6c90
0x0000000118eb6ab0:   000000010df6edc0 00007fda78783960
0x0000000118eb6ac0:   0000000118eb6b08 000000010df7a578
0x0000000118eb6ad0:   0000000118eb6ae0 000000010df4c124
0x0000000118eb6ae0:   0000000118eb6d00 000000010df556b2
0x0000000118eb6af0:   0000231600000013 00000000000f0200
0x0000000118eb6b00:   00007fda78704ea0 00007fda78783e52
0x0000000118eb6b10:   00007fda000001d6 00007fda78705500
0x0000000118eb6b20:   00007fda0000012c 0000000118eb6b58
0x0000000118eb6b30:   00007fda78705500 00007f0000000000
0x0000000118eb6b40:   000023160000001c 00007fff00008e80
0x0000000118eb6b50:   0000000118eb6b58 da7f000006000000
0x0000000118eb6b60:   1400000010425078 7754657461657263
0x0000000118eb6b70:   6a624f7265747469 0300000073746365
0x0000000118eb6b80:   0000000000562928 78da7f00000a0000
0x0000000118eb6b90:   3c06000000f04150 0000003e74696e69
0x0000000118eb6ba0:   0000000056292803 da7f000001000000
0x0000000118eb6bb0:   0400000000425078 160000006e69616d
0x0000000118eb6bc0:   2f6176616a4c5b28 7274532f676e616c
0x0000000118eb6bd0:   000056293b676e69 0000090000000000
0x0000000118eb6be0:   000010377878da7f 7257747365741300 

Instructions: (pc=0x000000010eb3355c)
0x000000010eb3353c:   00 00 00 41 f6 87 68 01 00 00 10 75 07 b8 63 00
0x000000010eb3354c:   00 00 eb 7a 4d 85 f6 75 07 b8 17 00 00 00 eb 6e
0x000000010eb3355c:   4d 8b 36 48 b8 fe fe fe fe fe fe fe fe 49 39 c6
0x000000010eb3356c:   74 e7 4d 85 f6 74 e2 48 8d 05 16 f7 4c 00 80 38 

Register to memory mapping:

RAX=0x0000000000000001 is an unknown value
RBX=0x0000000118eb6a8b is pointing into the stack for thread: 0x00007fda78854000
RCX=0x00000000000fc080 is an unknown value
RDX=0x0000000118eb6a8b is pointing into the stack for thread: 0x00007fda78854000
RSP=0x0000000118eb69f0 is pointing into the stack for thread: 0x00007fda78854000
RBP=0x0000000118eb6a40 is pointing into the stack for thread: 0x00007fda78854000
RSI=0x00007fda78854000 is a thread
RDI=0x00007fda78601a20 is an unknown value
R8 =0x00007fda787839b0 is an unknown value
R9 =0x00007fda78711440 is an unknown value
R10=0x00000000d30a2d46 is an unknown value
R11=0x00000000f2d3d052 is an unknown value
R12=0x00007fda78854000 is a thread
R13=0x8000000000000000 is an unknown value
R14=0x8000000000000000 is an unknown value
R15=0x00007fda78601a20 is an unknown value


Stack: [0x0000000118db7000,0x0000000118eb7000],  sp=0x0000000118eb69f0,  free space=1022k
Native frames: (J=compiled Java code, j=interpreted, Vv=VM code, C=native code)
V  [libjvm.dylib+0x33355c]
C  [libjdwp.dylib+0x201f8]  isMethodSynthetic+0x63
C  [libjdwp.dylib+0x502b]  methods1+0x10b
C  [libjdwp.dylib+0x5124]  methodsWithGeneric+0xe
C  [libjdwp.dylib+0xe6b2]  debugLoop_run+0x1ce
C  [libjdwp.dylib+0x1f132]  attachThread+0x4d
V  [libjvm.dylib+0x37417e]
V  [libjvm.dylib+0x4efb47]
V  [libjvm.dylib+0x4f124f]
V  [libjvm.dylib+0x41b1c6]
C  [libsystem_pthread.dylib+0x1899]  _pthread_body+0x8a
C  [libsystem_pthread.dylib+0x172a]  _pthread_struct_init+0x0
C  [libsystem_pthread.dylib+0x5fc9]  thread_start+0xd


---------------  P R O C E S S  ---------------

Java Threads: ( => current thread )
  0x00007fda79019000 JavaThread "Service Thread" daemon [_thread_blocked, id=20995, stack(0x00000001192c6000,0x00000001193c6000)]
  0x00007fda7981a800 JavaThread "C2 CompilerThread1" daemon [_thread_blocked, id=20483, stack(0x00000001191c3000,0x00000001192c3000)]
  0x00007fda7981a000 JavaThread "C2 CompilerThread0" daemon [_thread_blocked, id=19971, stack(0x00000001190c0000,0x00000001191c0000)]
  0x00007fda79818800 JavaThread "JDWP Command Reader" daemon [_thread_in_native, id=19459, stack(0x0000000118fbd000,0x00000001190bd000)]
  0x00007fda78855000 JavaThread "JDWP Event Helper Thread" daemon [_thread_blocked, id=18947, stack(0x0000000118eba000,0x0000000118fba000)]
=>0x00007fda78854000 JavaThread "JDWP Transport Listener: dt_socket" daemon [_thread_in_vm, id=18435, stack(0x0000000118db7000,0x0000000118eb7000)]
  0x00007fda79015800 JavaThread "Signal Dispatcher" daemon [_thread_blocked, id=17923, stack(0x0000000118cae000,0x0000000118dae000)]
  0x00007fda7884d000 JavaThread "Finalizer" daemon [_thread_blocked, id=13059, stack(0x0000000118a6c000,0x0000000118b6c000)]
  0x00007fda7884a000 JavaThread "Reference Handler" daemon [_thread_blocked, id=12547, stack(0x0000000118969000,0x0000000118a69000)]
  0x00007fda79801000 JavaThread "main" [_thread_blocked, id=6915, stack(0x000000010f254000,0x000000010f354000)]

Other Threads:
  0x00007fda78849800 VMThread [stack: 0x0000000118866000,0x0000000118966000] [id=12035]
  0x00007fda7a000000 WatcherThread [stack: 0x00000001193c9000,0x00000001194c9000] [id=21507]

VM state:not at safepoint (normal execution)

VM Mutex/Monitor currently owned by a thread: None

Heap
 PSYoungGen      total 38912K, used 8825K [0x00000007d5500000, 0x00000007d8000000, 0x0000000800000000)
  eden space 33792K, 11% used [0x00000007d5500000,0x00000007d58a6260,0x00000007d7600000)
  from space 5120K, 99% used [0x00000007d7600000,0x00000007d7af84a8,0x00000007d7b00000)
  to   space 5120K, 0% used [0x00000007d7b00000,0x00000007d7b00000,0x00000007d8000000)
 ParOldGen       total 87040K, used 1853K [0x0000000780000000, 0x0000000785500000, 0x00000007d5500000)
  object space 87040K, 2% used [0x0000000780000000,0x00000007801cf5b8,0x0000000785500000)
 PSPermGen       total 21504K, used 11763K [0x000000077ae00000, 0x000000077c300000, 0x0000000780000000)
  object space 21504K, 54% used [0x000000077ae00000,0x000000077b97cdd0,0x000000077c300000)

Card table byte_map: [0x0000000112416000,0x0000000112840000] byte_map_base: 0x000000010e83f000

Polling page: 0x000000010df46000

Code Cache  [0x000000010f356000, 0x000000010f5c6000, 0x0000000112356000)
 total_blobs=395 nmethods=112 adapters=245 free_code_cache=48358Kb largest_free_block=49487680

Compilation events (10 events):
Event: 12.278 Thread 0x00007fda7981a000 nmethod 108 0x000000010f3f4810 code [0x000000010f3f4940, 0x000000010f3f4998]
Event: 12.278 Thread 0x00007fda7981a000  109             java.util.zip.ZipFile::ensureOpen (37 bytes)
Event: 12.279 Thread 0x00007fda7981a000 nmethod 109 0x000000010f3f5dd0 code [0x000000010f3f5f20, 0x000000010f3f5fb8]
Event: 12.352 Thread 0x00007fda7981a800 

Event: 12.354 Thread 0x00007fda7981a000  111             java.lang.ref.Reference::get (5 bytes)
Event: 12.355 Thread 0x00007fda7981a000 nmethod 111 0x000000010f414950 code [0x000000010f414a80, 0x000000010f414af8]
Event: 12.364 Thread 0x00007fda7981a800  112  s!         sun.misc.URLClassPath::getLoader (154 bytes)
Event: 12.364 Thread 0x00007fda7981a000  113 %           sun.misc.URLClassPath::getResource @ 39 (74 bytes)
Event: 12.381 Thread 0x00007fda7981a800 nmethod 112 0x000000010f422490 code [0x000000010f4226a0, 0x000000010f423750]
Event: 12.413 Thread 0x00007fda7981a000 nmethod 113% 0x000000010f41eb50 code [0x000000010f41eec0, 0x000000010f420ca0]

GC Heap History (2 events):
Event: 12.322 GC heap before
{Heap before GC invocations=1 (full 0):
 PSYoungGen      total 38912K, used 33792K [0x00000007d5500000, 0x00000007d8000000, 0x0000000800000000)
  eden space 33792K, 100% used [0x00000007d5500000,0x00000007d7600000,0x00000007d7600000)
  from space 5120K, 0% used [0x00000007d7b00000,0x00000007d7b00000,0x00000007d8000000)
  to   space 5120K, 0% used [0x00000007d7600000,0x00000007d7600000,0x00000007d7b00000)
 ParOldGen       total 87040K, used 0K [0x0000000780000000, 0x0000000785500000, 0x00000007d5500000)
  object space 87040K, 0% used [0x0000000780000000,0x0000000780000000,0x0000000785500000)
 PSPermGen       total 21504K, used 11290K [0x000000077ae00000, 0x000000077c300000, 0x0000000780000000)
  object space 21504K, 52% used [0x000000077ae00000,0x000000077b906900,0x000000077c300000)
Event: 12.339 GC heap after
Heap after GC invocations=1 (full 0):
 PSYoungGen      total 38912K, used 5089K [0x00000007d5500000, 0x00000007d8000000, 0x0000000800000000)
  eden space 33792K, 0% used [0x00000007d5500000,0x00000007d5500000,0x00000007d7600000)
  from space 5120K, 99% used [0x00000007d7600000,0x00000007d7af84a8,0x00000007d7b00000)
  to   space 5120K, 0% used [0x00000007d7b00000,0x00000007d7b00000,0x00000007d8000000)
 ParOldGen       total 87040K, used 1853K [0x0000000780000000, 0x0000000785500000, 0x00000007d5500000)
  object space 87040K, 2% used [0x0000000780000000,0x00000007801cf5b8,0x0000000785500000)
 PSPermGen       total 21504K, used 11290K [0x000000077ae00000, 0x000000077c300000, 0x0000000780000000)
  object space 21504K, 52% used [0x000000077ae00000,0x000000077b906900,0x000000077c300000)
}

Deoptimization events (10 events):
Event: 5.444 Thread 0x00007fda79801000 Uncommon trap: reason=unhandled action=none pc=0x000000010f3e4328 method=java.lang.Integer.parseInt(Ljava/lang/String;I)I @ 204
Event: 5.725 Thread 0x00007fda79801000 Uncommon trap: reason=unhandled action=none pc=0x000000010f4036c0 method=sun.misc.BASE64Decoder.decodeAtom(Ljava/io/PushbackInputStream;Ljava/io/OutputStream;I)V @ 46
Event: 5.730 Thread 0x00007fda79801000 Uncommon trap: reason=unhandled action=none pc=0x000000010f4036c0 method=sun.misc.BASE64Decoder.decodeAtom(Ljava/io/PushbackInputStream;Ljava/io/OutputStream;I)V @ 46
Event: 5.731 Thread 0x00007fda79801000 Uncommon trap: reason=unhandled action=none pc=0x000000010f4036c0 method=sun.misc.BASE64Decoder.decodeAtom(Ljava/io/PushbackInputStream;Ljava/io/OutputStream;I)V @ 46
Event: 5.733 Thread 0x00007fda79801000 Uncommon trap: reason=unhandled action=none pc=0x000000010f4036c0 method=sun.misc.BASE64Decoder.decodeAtom(Ljava/io/PushbackInputStream;Ljava/io/OutputStream;I)V @ 46
Event: 5.734 Thread 0x00007fda79801000 Uncommon trap: reason=unhandled action=none pc=0x000000010f4036c0 method=sun.misc.BASE64Decoder.decodeAtom(Ljava/io/PushbackInputStream;Ljava/io/OutputStream;I)V @ 46
Event: 5.738 Thread 0x00007fda79801000 Uncommon trap: reason=unhandled action=none pc=0x000000010f4036c0 method=sun.misc.BASE64Decoder.decodeAtom(Ljava/io/PushbackInputStream;Ljava/io/OutputStream;I)V @ 46
Event: 5.740 Thread 0x00007fda79801000 Uncommon trap: reason=unhandled action=none pc=0x000000010f4036c0 method=sun.misc.BASE64Decoder.decodeAtom(Ljava/io/PushbackInputStream;Ljava/io/OutputStream;I)V @ 46
Event: 12.113 Thread 0x00007fda79801000 Uncommon trap: reason=null_check action=make_not_entrant pc=0x000000010f3f0f3c method=java.util.jar.Attributes.putValue(Ljava/lang/String;Ljava/lang/String;)Ljava/lang/String; @ 13
Event: 12.213 Thread 0x00007fda79801000 Uncommon trap: reason=class_check action=maybe_recompile pc=0x000000010f3d0850 method=java.lang.String.equals(Ljava/lang/Object;)Z @ 8

Internal exceptions (10 events):
Event: 12.384 Thread 0x00007fda79801000 Threw 0x00000007d580c1d0 at /HUDSON/workspace/7u-2-build-macosx-x86_64/jdk7u45/229/hotspot/src/share/vm/prims/jvm.cpp:1244
Event: 12.385 Thread 0x00007fda79801000 Threw 0x00000007d5815690 at /HUDSON/workspace/7u-2-build-macosx-x86_64/jdk7u45/229/hotspot/src/share/vm/prims/jvm.cpp:1244
Event: 12.385 Thread 0x00007fda79801000 Threw 0x00000007d581e2a0 at /HUDSON/workspace/7u-2-build-macosx-x86_64/jdk7u45/229/hotspot/src/share/vm/prims/jvm.cpp:1244
Event: 12.385 Thread 0x00007fda79801000 Threw 0x00000007d5825510 at /HUDSON/workspace/7u-2-build-macosx-x86_64/jdk7u45/229/hotspot/src/share/vm/prims/jvm.cpp:1244
Event: 12.386 Thread 0x00007fda79801000 Threw 0x00000007d582d168 at /HUDSON/workspace/7u-2-build-macosx-x86_64/jdk7u45/229/hotspot/src/share/vm/prims/jvm.cpp:1244
Event: 12.386 Thread 0x00007fda79801000 Threw 0x00000007d5835998 at /HUDSON/workspace/7u-2-build-macosx-x86_64/jdk7u45/229/hotspot/src/share/vm/prims/jvm.cpp:1244
Event: 12.387 Thread 0x00007fda79801000 Threw 0x00000007d583dc28 at /HUDSON/workspace/7u-2-build-macosx-x86_64/jdk7u45/229/hotspot/src/share/vm/prims/jvm.cpp:1244
Event: 12.387 Thread 0x00007fda79801000 Threw 0x00000007d5846160 at /HUDSON/workspace/7u-2-build-macosx-x86_64/jdk7u45/229/hotspot/src/share/vm/prims/jvm.cpp:1244
Event: 1983.456 Thread 0x00007fda78854000 Threw 0x00000007d58517c8 at /HUDSON/workspace/7u-2-build-macosx-x86_64/jdk7u45/229/hotspot/src/share/vm/prims/jvm.cpp:1244
Event: 1983.466 Thread 0x00007fda78854000 Threw 0x00000007d586a058 at /HUDSON/workspace/7u-2-build-macosx-x86_64/jdk7u45/229/hotspot/src/share/vm/prims/jvm.cpp:1244

Events (10 events):
Event: 1317.129 Executing VM operation: ChangeBreakpoints
Event: 1317.129 Executing VM operation: ChangeBreakpoints done
Event: 1317.136 Executing VM operation: ChangeBreakpoints
Event: 1317.136 Executing VM operation: ChangeBreakpoints done
Event: 1983.456 loading class 0x00007fda78643930
Event: 1983.456 loading class 0x00007fda78643930 done
Event: 1983.466 loading class 0x00007fda78643e30
Event: 1983.466 loading class 0x00007fda78643e30 done
Event: 1983.468 Executing VM operation: RedefineClasses
Event: 1983.470 Executing VM operation: RedefineClasses done


Dynamic libraries:
0x000000000ac9e000 	/System/Library/Frameworks/Cocoa.framework/Versions/A/Cocoa
0x000000000ac9e000 	/System/Library/Frameworks/Security.framework/Versions/A/Security
0x000000000ac9e000 	/System/Library/Frameworks/ApplicationServices.framework/Versions/A/ApplicationServices
0x000000000ac9e000 	/usr/lib/libz.1.dylib
0x000000000ac9e000 	/usr/lib/libSystem.B.dylib
0x000000000ac9e000 	/usr/lib/libobjc.A.dylib
0x000000000ac9e000 	/System/Library/Frameworks/CoreFoundation.framework/Versions/A/CoreFoundation
0x000000000ac9e000 	/System/Library/Frameworks/Foundation.framework/Versions/C/Foundation
0x000000000ac9e000 	/System/Library/Frameworks/AppKit.framework/Versions/C/AppKit
0x000000000ac9e000 	/System/Library/Frameworks/CoreData.framework/Versions/A/CoreData
0x000000000ac9e000 	/System/Library/PrivateFrameworks/RemoteViewServices.framework/Versions/A/RemoteViewServices
0x000000000ac9e000 	/System/Library/Frameworks/AudioToolbox.framework/Versions/A/AudioToolbox
0x000000000ac9e000 	/System/Library/Frameworks/AudioUnit.framework/Versions/A/AudioUnit
0x000000000ac9e000 	/System/Library/PrivateFrameworks/DataDetectorsCore.framework/Versions/A/DataDetectorsCore
0x000000000ac9e000 	/System/Library/PrivateFrameworks/DesktopServicesPriv.framework/Versions/A/DesktopServicesPriv
0x000000000ac9e000 	/System/Library/Frameworks/Carbon.framework/Versions/A/Frameworks/HIToolbox.framework/Versions/A/HIToolbox
0x000000000ac9e000 	/System/Library/Frameworks/QuartzCore.framework/Versions/A/QuartzCore
0x000000000ac9e000 	/System/Library/Frameworks/Carbon.framework/Versions/A/Frameworks/SpeechRecognition.framework/Versions/A/SpeechRecognition
0x000000000ac9e000 	/usr/lib/libauto.dylib
0x000000000ac9e000 	/usr/lib/libicucore.A.dylib
0x000000000ac9e000 	/usr/lib/libxml2.2.dylib
0x000000000ac9e000 	/System/Library/PrivateFrameworks/CoreUI.framework/Versions/A/CoreUI
0x000000000ac9e000 	/System/Library/Frameworks/CoreAudio.framework/Versions/A/CoreAudio
0x000000000ac9e000 	/System/Library/Frameworks/DiskArbitration.framework/Versions/A/DiskArbitration
0x000000000ac9e000 	/usr/lib/liblangid.dylib
0x000000000ac9e000 	/System/Library/PrivateFrameworks/MultitouchSupport.framework/Versions/A/MultitouchSupport
0x000000000ac9e000 	/System/Library/Frameworks/IOKit.framework/Versions/A/IOKit
0x000000000ac9e000 	/usr/lib/libDiagnosticMessagesClient.dylib
0x000000000ac9e000 	/System/Library/Frameworks/CoreServices.framework/Versions/A/CoreServices
0x000000000ac9e000 	/System/Library/PrivateFrameworks/PerformanceAnalysis.framework/Versions/A/PerformanceAnalysis
0x000000000ac9e000 	/System/Library/PrivateFrameworks/GenerationalStorage.framework/Versions/A/GenerationalStorage
0x000000000ac9e000 	/System/Library/Frameworks/OpenGL.framework/Versions/A/OpenGL
0x000000000ac9e000 	/System/Library/PrivateFrameworks/Sharing.framework/Versions/A/Sharing
0x000000000ac9e000 	/System/Library/Frameworks/ImageIO.framework/Versions/A/ImageIO
0x000000000ac9e000 	/System/Library/Frameworks/CoreText.framework/Versions/A/CoreText
0x000000000ac9e000 	/System/Library/Frameworks/CoreGraphics.framework/Versions/A/CoreGraphics
0x000000000ac9e000 	/System/Library/PrivateFrameworks/Backup.framework/Versions/A/Backup
0x000000000ac9e000 	/System/Library/Frameworks/CFNetwork.framework/Versions/A/CFNetwork
0x000000000ac9e000 	/System/Library/Frameworks/SystemConfiguration.framework/Versions/A/SystemConfiguration
0x000000000ac9e000 	/usr/lib/libCRFSuite.dylib
0x000000000ac9e000 	/usr/lib/libc++.1.dylib
0x000000000ac9e000 	/usr/lib/libc++abi.dylib
0x000000000ac9e000 	/usr/lib/system/libcache.dylib
0x000000000ac9e000 	/usr/lib/system/libcommonCrypto.dylib
0x000000000ac9e000 	/usr/lib/system/libcompiler_rt.dylib
0x000000000ac9e000 	/usr/lib/system/libcopyfile.dylib
0x000000000ac9e000 	/usr/lib/system/libcorecrypto.dylib
0x000000000ac9e000 	/usr/lib/system/libdispatch.dylib
0x000000000ac9e000 	/usr/lib/system/libdyld.dylib
0x000000000ac9e000 	/usr/lib/system/libkeymgr.dylib
0x000000000ac9e000 	/usr/lib/system/liblaunch.dylib
0x000000000ac9e000 	/usr/lib/system/libmacho.dylib
0x000000000ac9e000 	/usr/lib/system/libquarantine.dylib
0x000000000ac9e000 	/usr/lib/system/libremovefile.dylib
0x000000000ac9e000 	/usr/lib/system/libsystem_asl.dylib
0x000000000ac9e000 	/usr/lib/system/libsystem_blocks.dylib
0x000000000ac9e000 	/usr/lib/system/libsystem_c.dylib
0x000000000ac9e000 	/usr/lib/system/libsystem_configuration.dylib
0x000000000ac9e000 	/usr/lib/system/libsystem_dnssd.dylib
0x000000000ac9e000 	/usr/lib/system/libsystem_info.dylib
0x000000000ac9e000 	/usr/lib/system/libsystem_kernel.dylib
0x000000000ac9e000 	/usr/lib/system/libsystem_m.dylib
0x000000000ac9e000 	/usr/lib/system/libsystem_malloc.dylib
0x000000000ac9e000 	/usr/lib/system/libsystem_network.dylib
0x000000000ac9e000 	/usr/lib/system/libsystem_notify.dylib
0x000000000ac9e000 	/usr/lib/system/libsystem_platform.dylib
0x000000000ac9e000 	/usr/lib/system/libsystem_pthread.dylib
0x000000000ac9e000 	/usr/lib/system/libsystem_sandbox.dylib
0x000000000ac9e000 	/usr/lib/system/libsystem_stats.dylib
0x000000000ac9e000 	/usr/lib/system/libunc.dylib
0x000000000ac9e000 	/usr/lib/system/libunwind.dylib
0x000000000ac9e000 	/usr/lib/system/libxpc.dylib
0x000000000ac9e000 	/usr/lib/libbsm.0.dylib
0x000000000ac9e000 	/usr/lib/libsqlite3.dylib
0x000000000ac9e000 	/usr/lib/libxar.1.dylib
0x000000000ac9e000 	/usr/lib/libpam.2.dylib
0x000000000ac9e000 	/usr/lib/libOpenScriptingUtil.dylib
0x000000000ac9e000 	/usr/lib/libbz2.1.0.dylib
0x000000000ac9e000 	/System/Library/Frameworks/CoreServices.framework/Versions/A/Frameworks/CarbonCore.framework/Versions/A/CarbonCore
0x000000000ac9e000 	/System/Library/Frameworks/CoreServices.framework/Versions/A/Frameworks/Metadata.framework/Versions/A/Metadata
0x000000000ac9e000 	/System/Library/Frameworks/CoreServices.framework/Versions/A/Frameworks/OSServices.framework/Versions/A/OSServices
0x000000000ac9e000 	/System/Library/Frameworks/CoreServices.framework/Versions/A/Frameworks/SearchKit.framework/Versions/A/SearchKit
0x000000000ac9e000 	/System/Library/Frameworks/CoreServices.framework/Versions/A/Frameworks/AE.framework/Versions/A/AE
0x000000000ac9e000 	/System/Library/Frameworks/CoreServices.framework/Versions/A/Frameworks/LaunchServices.framework/Versions/A/LaunchServices
0x000000000ac9e000 	/System/Library/Frameworks/CoreServices.framework/Versions/A/Frameworks/DictionaryServices.framework/Versions/A/DictionaryServices
0x000000000ac9e000 	/System/Library/Frameworks/NetFS.framework/Versions/A/NetFS
0x000000000ac9e000 	/usr/lib/system/libkxld.dylib
0x000000000ac9e000 	/System/Library/PrivateFrameworks/NetAuth.framework/Versions/A/NetAuth
0x000000000ac9e000 	/System/Library/PrivateFrameworks/TCC.framework/Versions/A/TCC
0x000000000ac9e000 	/System/Library/Frameworks/OpenDirectory.framework/Versions/A/Frameworks/CFOpenDirectory.framework/Versions/A/CFOpenDirectory
0x000000000ac9e000 	/System/Library/Frameworks/ServiceManagement.framework/Versions/A/ServiceManagement
0x000000000ac9e000 	/usr/lib/libxslt.1.dylib
0x000000000ac9e000 	/System/Library/Frameworks/Carbon.framework/Versions/A/Frameworks/Ink.framework/Versions/A/Ink
0x000000000ac9e000 	/System/Library/Frameworks/ApplicationServices.framework/Versions/A/Frameworks/ATS.framework/Versions/A/ATS
0x000000000ac9e000 	/System/Library/Frameworks/ApplicationServices.framework/Versions/A/Frameworks/ColorSync.framework/Versions/A/ColorSync
0x000000000ac9e000 	/System/Library/Frameworks/ApplicationServices.framework/Versions/A/Frameworks/HIServices.framework/Versions/A/HIServices
0x000000000ac9e000 	/System/Library/Frameworks/ApplicationServices.framework/Versions/A/Frameworks/LangAnalysis.framework/Versions/A/LangAnalysis
0x000000000ac9e000 	/System/Library/Frameworks/ApplicationServices.framework/Versions/A/Frameworks/PrintCore.framework/Versions/A/PrintCore
0x000000000ac9e000 	/System/Library/Frameworks/ApplicationServices.framework/Versions/A/Frameworks/QD.framework/Versions/A/QD
0x000000000ac9e000 	/System/Library/Frameworks/ApplicationServices.framework/Versions/A/Frameworks/SpeechSynthesis.framework/Versions/A/SpeechSynthesis
0x000000000ac9e000 	/System/Library/Frameworks/IOSurface.framework/Versions/A/IOSurface
0x000000000ac9e000 	/System/Library/Frameworks/Accelerate.framework/Versions/A/Accelerate
0x000000000ac9e000 	/System/Library/Frameworks/Accelerate.framework/Versions/A/Frameworks/vImage.framework/Versions/A/vImage
0x000000000ac9e000 	/System/Library/Frameworks/Accelerate.framework/Versions/A/Frameworks/vecLib.framework/Versions/A/vecLib
0x000000000ac9e000 	/System/Library/Frameworks/Accelerate.framework/Versions/A/Frameworks/vecLib.framework/Versions/A/libvDSP.dylib
0x000000000ac9e000 	/System/Library/Frameworks/Accelerate.framework/Versions/A/Frameworks/vecLib.framework/Versions/A/libvMisc.dylib
0x000000000ac9e000 	/System/Library/Frameworks/Accelerate.framework/Versions/A/Frameworks/vecLib.framework/Versions/A/libLAPACK.dylib
0x000000000ac9e000 	/System/Library/Frameworks/Accelerate.framework/Versions/A/Frameworks/vecLib.framework/Versions/A/libBLAS.dylib
0x000000000ac9e000 	/System/Library/Frameworks/ApplicationServices.framework/Versions/A/Frameworks/ATS.framework/Versions/A/Resources/libFontParser.dylib
0x000000000ac9e000 	/System/Library/Frameworks/ApplicationServices.framework/Versions/A/Frameworks/ATS.framework/Versions/A/Resources/libFontRegistry.dylib
0x000000000ac9e000 	/System/Library/Frameworks/ImageIO.framework/Versions/A/Resources/libJPEG.dylib
0x000000000ac9e000 	/System/Library/Frameworks/ImageIO.framework/Versions/A/Resources/libTIFF.dylib
0x000000000ac9e000 	/System/Library/Frameworks/ImageIO.framework/Versions/A/Resources/libPng.dylib
0x000000000ac9e000 	/System/Library/Frameworks/ImageIO.framework/Versions/A/Resources/libGIF.dylib
0x000000000ac9e000 	/System/Library/Frameworks/ImageIO.framework/Versions/A/Resources/libJP2.dylib
0x000000000ac9e000 	/System/Library/Frameworks/ImageIO.framework/Versions/A/Resources/libRadiance.dylib
0x000000000ac9e000 	/usr/lib/libcups.2.dylib
0x000000000ac9e000 	/System/Library/Frameworks/Kerberos.framework/Versions/A/Kerberos
0x000000000ac9e000 	/System/Library/Frameworks/GSS.framework/Versions/A/GSS
0x000000000ac9e000 	/usr/lib/libresolv.9.dylib
0x000000000ac9e000 	/usr/lib/libiconv.2.dylib
0x000000000ac9e000 	/System/Library/PrivateFrameworks/Heimdal.framework/Versions/A/Heimdal
0x000000000ac9e000 	/System/Library/PrivateFrameworks/TrustEvaluationAgent.framework/Versions/A/TrustEvaluationAgent
0x000000000ac9e000 	/usr/lib/libheimdal-asn1.dylib
0x000000000ac9e000 	/System/Library/Frameworks/OpenDirectory.framework/Versions/A/OpenDirectory
0x000000000ac9e000 	/System/Library/PrivateFrameworks/CommonAuth.framework/Versions/A/CommonAuth
0x000000000ac9e000 	/System/Library/Frameworks/SecurityFoundation.framework/Versions/A/SecurityFoundation
0x000000000ac9e000 	/System/Library/PrivateFrameworks/Bom.framework/Versions/A/Bom
0x000000000ac9e000 	/System/Library/Frameworks/CoreVideo.framework/Versions/A/CoreVideo
0x000000000ac9e000 	/System/Library/Frameworks/QuartzCore.framework/Versions/A/Frameworks/CoreImage.framework/Versions/A/CoreImage
0x000000000ac9e000 	/System/Library/Frameworks/QuartzCore.framework/Versions/A/Frameworks/ScalableUserInterface.framework/Versions/A/ScalableUserInterface
0x000000000ac9e000 	/System/Library/Frameworks/OpenGL.framework/Versions/A/Libraries/libGLU.dylib
0x000000000ac9e000 	/System/Library/Frameworks/OpenGL.framework/Versions/A/Libraries/libGFXShared.dylib
0x000000000ac9e000 	/System/Library/Frameworks/OpenGL.framework/Versions/A/Libraries/libGL.dylib
0x000000000ac9e000 	/System/Library/Frameworks/OpenGL.framework/Versions/A/Libraries/libGLImage.dylib
0x000000000ac9e000 	/System/Library/Frameworks/OpenGL.framework/Versions/A/Libraries/libCVMSPluginSupport.dylib
0x000000000ac9e000 	/System/Library/Frameworks/OpenGL.framework/Versions/A/Libraries/libCoreVMClient.dylib
0x000000000ac9e000 	/System/Library/PrivateFrameworks/FaceCore.framework/Versions/A/FaceCore
0x000000000ac9e000 	/System/Library/PrivateFrameworks/CrashReporterSupport.framework/Versions/A/CrashReporterSupport
0x000000000ac9e000 	/System/Library/Frameworks/OpenCL.framework/Versions/A/OpenCL
0x000000000ac9e000 	/System/Library/PrivateFrameworks/AppleFSCompression.framework/Versions/A/AppleFSCompression
0x000000000ac9e000 	/System/Library/PrivateFrameworks/Ubiquity.framework/Versions/A/Ubiquity
0x000000000ac9e000 	/System/Library/PrivateFrameworks/IconServices.framework/Versions/A/IconServices
0x000000000ac9e000 	/System/Library/PrivateFrameworks/ChunkingLibrary.framework/Versions/A/ChunkingLibrary
0x000000000ac9e000 	/System/Library/PrivateFrameworks/CoreSymbolication.framework/Versions/A/CoreSymbolication
0x000000000ac9e000 	/System/Library/PrivateFrameworks/Symbolication.framework/Versions/A/Symbolication
0x000000000ac9e000 	/System/Library/PrivateFrameworks/DebugSymbols.framework/Versions/A/DebugSymbols
0x000000010e800000 	/Library/Java/JavaVirtualMachines/jdk1.7.0_45.jdk/Contents/Home/jre/lib/server/libjvm.dylib
0x000000000ac9e000 	/usr/lib/libstdc++.6.dylib
0x000000010df09000 	/Library/Java/JavaVirtualMachines/jdk1.7.0_45.jdk/Contents/Home/jre/lib/libverify.dylib
0x000000010df16000 	/Library/Java/JavaVirtualMachines/jdk1.7.0_45.jdk/Contents/Home/jre/lib/libjava.dylib
0x000000010df47000 	/Library/Java/JavaVirtualMachines/jdk1.7.0_45.jdk/Contents/Home/jre/lib/libjdwp.dylib
0x000000010df84000 	/Library/Java/JavaVirtualMachines/jdk1.7.0_45.jdk/Contents/Home/jre/lib/libnpt.dylib
0x000000010df91000 	/Library/Java/JavaVirtualMachines/jdk1.7.0_45.jdk/Contents/Home/jre/lib/libzip.dylib
0x0000000118b6e000 	/System/Library/Frameworks/JavaVM.framework/Frameworks/JavaRuntimeSupport.framework/JavaRuntimeSupport
0x0000000118b86000 	/System/Library/Frameworks/JavaVM.framework/Versions/A/Frameworks/JavaNativeFoundation.framework/Versions/A/JavaNativeFoundation
0x000000010dfee000 	/System/Library/Frameworks/JavaVM.framework/Versions/A/JavaVM
0x000000000ac9e000 	/System/Library/Frameworks/Carbon.framework/Versions/A/Carbon
0x0000000118b9b000 	/System/Library/PrivateFrameworks/JavaLaunching.framework/Versions/A/JavaLaunching
0x000000000ac9e000 	/System/Library/Frameworks/Carbon.framework/Versions/A/Frameworks/CommonPanels.framework/Versions/A/CommonPanels
0x000000000ac9e000 	/System/Library/Frameworks/Carbon.framework/Versions/A/Frameworks/Help.framework/Versions/A/Help
0x000000000ac9e000 	/System/Library/Frameworks/Carbon.framework/Versions/A/Frameworks/ImageCapture.framework/Versions/A/ImageCapture
0x000000000ac9e000 	/System/Library/Frameworks/Carbon.framework/Versions/A/Frameworks/OpenScripting.framework/Versions/A/OpenScripting
0x000000000ac9e000 	/System/Library/Frameworks/Carbon.framework/Versions/A/Frameworks/Print.framework/Versions/A/Print
0x000000000ac9e000 	/System/Library/Frameworks/Carbon.framework/Versions/A/Frameworks/SecurityHI.framework/Versions/A/SecurityHI
0x0000000118db0000 	/Library/Java/JavaVirtualMachines/jdk1.7.0_45.jdk/Contents/Home/jre/lib/libdt_socket.dylib
0x00000001196a2000 	/Library/Java/JavaVirtualMachines/jdk1.7.0_45.jdk/Contents/Home/jre/lib/libsunec.dylib
0x00000001197a3000 	/Library/Java/JavaVirtualMachines/jdk1.7.0_45.jdk/Contents/Home/jre/lib/libnet.dylib
0x00000001195e1000 	/Library/Java/JavaVirtualMachines/jdk1.7.0_45.jdk/Contents/Home/jre/lib/libnio.dylib

VM Arguments:
jvm_args: -agentlib:jdwp=transport=dt_socket,suspend=y,address=localhost:58932 -Dfile.encoding=US-ASCII 
java_command: RetrieveTwitterFeeds
Launcher Type: SUN_STANDARD

Environment Variables:
PATH=/usr/bin:/bin:/usr/sbin:/sbin
SHELL=/bin/bash
DISPLAY=/tmp/launch-gHavgX/org.macosforge.xquartz:0

Signal Handlers:
SIGSEGV: [libjvm.dylib+0x525415], sa_mask[0]=0xfffefeff, sa_flags=0x00000043
SIGBUS: [libjvm.dylib+0x525415], sa_mask[0]=0xfffefeff, sa_flags=0x00000042
SIGFPE: [libjvm.dylib+0x41891a], sa_mask[0]=0xfffefeff, sa_flags=0x00000042
SIGPIPE: [libjvm.dylib+0x41891a], sa_mask[0]=0xfffefeff, sa_flags=0x00000042
SIGXFSZ: [libjvm.dylib+0x41891a], sa_mask[0]=0xfffefeff, sa_flags=0x00000042
SIGILL: [libjvm.dylib+0x41891a], sa_mask[0]=0xfffefeff, sa_flags=0x00000042
SIGUSR1: SIG_DFL, sa_mask[0]=0x00000000, sa_flags=0x00000002
SIGUSR2: [libjvm.dylib+0x41840c], sa_mask[0]=0x00000004, sa_flags=0x00000042
SIGHUP: [libjvm.dylib+0x41669b], sa_mask[0]=0xfffefeff, sa_flags=0x00000042
SIGINT: [libjvm.dylib+0x41669b], sa_mask[0]=0xfffefeff, sa_flags=0x00000042
SIGTERM: [libjvm.dylib+0x41669b], sa_mask[0]=0xfffefeff, sa_flags=0x00000042
SIGQUIT: [libjvm.dylib+0x41669b], sa_mask[0]=0xfffefeff, sa_flags=0x00000042


---------------  S Y S T E M  ---------------

OS:Bsduname:Darwin 13.2.0 Darwin Kernel Version 13.2.0: Thu Apr 17 23:03:13 PDT 2014; root:xnu-2422.100.13~1/RELEASE_X86_64 x86_64
rlimit: STACK 8192k, CORE 0k, NPROC 709, NOFILE 10240, AS infinity
load average:1.72 1.55 1.57

CPU:total 4 (2 cores per cpu, 2 threads per core) family 6 model 69 stepping 1, cmov, cx8, fxsr, mmx, sse, sse2, sse3, ssse3, sse4.1, sse4.2, popcnt, avx, avx2, aes, erms, ht, tsc, tscinvbit

Memory: 4k page, physical 8388608k(2097152k free)

/proc/meminfo:


vm_info: Java HotSpot(TM) 64-Bit Server VM (24.45-b08) for bsd-amd64 JRE (1.7.0_45-b18), built on Oct  8 2013 05:54:16 by "java_re" with gcc 4.2.1 (Based on Apple Inc. build 5658) (LLVM build 2336.11.00)

time: Wed Jun  4 02:18:58 2014
elapsed time: 1983 seconds

